2025-06-23 16:51:00.425 [http-nio-8081-exec-2] INFO  c.P.P.Controlador.AdminControlador - 📋 Solicitando lista completa de usuarios
2025-06-23 16:51:00.455 [http-nio-8081-exec-2] DEBUG c.P.P.Controlador.AdminControlador - Ejecutando consulta para obtener todos los usuarios
2025-06-23 16:51:00.466 [http-nio-8081-exec-2] INFO  c.P.P.Controlador.AdminControlador - ✅ Lista de usuarios obtenida exitosamente. Total usuarios: 5
2025-06-23 16:51:00.466 [http-nio-8081-exec-2] DEBUG c.P.P.Controlador.AdminControlador - Usuarios encontrados por rol:
2025-06-23 16:51:00.468 [http-nio-8081-exec-2] DEBUG c.P.P.Controlador.AdminControlador - - Administradores: 2
2025-06-23 16:51:00.468 [http-nio-8081-exec-2] DEBUG c.P.P.Controlador.AdminControlador - - Clientes: 3
2025-06-23 16:51:00.486 [http-nio-8081-exec-6] INFO  c.P.P.Controlador.AdminControlador - 📋 Solicitando lista completa de usuarios
2025-06-23 16:51:00.487 [http-nio-8081-exec-6] DEBUG c.P.P.Controlador.AdminControlador - Ejecutando consulta para obtener todos los usuarios
2025-06-23 16:51:00.498 [http-nio-8081-exec-6] INFO  c.P.P.Controlador.AdminControlador - ✅ Lista de usuarios obtenida exitosamente. Total usuarios: 5
2025-06-23 16:51:00.498 [http-nio-8081-exec-6] DEBUG c.P.P.Controlador.AdminControlador - Usuarios encontrados por rol:
2025-06-23 16:51:00.498 [http-nio-8081-exec-6] DEBUG c.P.P.Controlador.AdminControlador - - Administradores: 2
2025-06-23 16:51:00.499 [http-nio-8081-exec-6] DEBUG c.P.P.Controlador.AdminControlador - - Clientes: 3
2025-06-23 17:18:08.238 [http-nio-8081-exec-4] INFO  c.P.P.Controlador.AdminControlador - 📋 Solicitando lista completa de usuarios
2025-06-23 17:18:08.239 [http-nio-8081-exec-4] DEBUG c.P.P.Controlador.AdminControlador - Ejecutando consulta para obtener todos los usuarios
2025-06-23 17:18:08.245 [http-nio-8081-exec-4] INFO  c.P.P.Controlador.AdminControlador - ✅ Lista de usuarios obtenida exitosamente. Total usuarios: 5
2025-06-23 17:18:08.245 [http-nio-8081-exec-4] DEBUG c.P.P.Controlador.AdminControlador - Usuarios encontrados por rol:
2025-06-23 17:18:08.245 [http-nio-8081-exec-4] DEBUG c.P.P.Controlador.AdminControlador - - Administradores: 2
2025-06-23 17:18:08.246 [http-nio-8081-exec-4] DEBUG c.P.P.Controlador.AdminControlador - - Clientes: 3
2025-06-23 17:18:08.251 [http-nio-8081-exec-7] INFO  c.P.P.Controlador.AdminControlador - 📋 Solicitando lista completa de usuarios
2025-06-23 17:18:08.251 [http-nio-8081-exec-7] DEBUG c.P.P.Controlador.AdminControlador - Ejecutando consulta para obtener todos los usuarios
2025-06-23 17:18:08.256 [http-nio-8081-exec-7] INFO  c.P.P.Controlador.AdminControlador - ✅ Lista de usuarios obtenida exitosamente. Total usuarios: 5
2025-06-23 17:18:08.257 [http-nio-8081-exec-7] DEBUG c.P.P.Controlador.AdminControlador - Usuarios encontrados por rol:
2025-06-23 17:18:08.257 [http-nio-8081-exec-7] DEBUG c.P.P.Controlador.AdminControlador - - Administradores: 2
2025-06-23 17:18:08.257 [http-nio-8081-exec-7] DEBUG c.P.P.Controlador.AdminControlador - - Clientes: 3
