2025-06-16 22:46:27.108 [background-preinit] INFO  o.h.validator.internal.util.Version - HV000001: Hibernate Validator 8.0.2.Final
2025-06-16 22:46:27.236 [main] INFO  c.P.P.ProyectoFinalIntegradorApplication - Starting ProyectoFinalIntegradorApplication using Java 24.0.1 with PID 11144 (D:\Ronald-2025\Nuevos Pro\PR\ProyectoFinalI\backend\target\classes started by Diego in D:\Ronald-2025\Nuevos Pro\PR\ProyectoFinalI\backend)
2025-06-16 22:46:27.238 [main] INFO  c.P.P.ProyectoFinalIntegradorApplication - No active profile set, falling back to 1 default profile: "default"
2025-06-16 22:46:28.813 [main] INFO  o.s.d.r.c.RepositoryConfigurationDelegate - Bootstrapping Spring Data JPA repositories in DEFAULT mode.
2025-06-16 22:46:28.990 [main] INFO  o.s.d.r.c.RepositoryConfigurationDelegate - Finished Spring Data repository scanning in 132 ms. Found 8 JPA repository interfaces.
2025-06-16 22:46:29.988 [main] INFO  o.s.b.w.e.tomcat.TomcatWebServer - Tomcat initialized with port 8081 (http)
2025-06-16 22:46:30.011 [main] INFO  o.a.coyote.http11.Http11NioProtocol - Initializing ProtocolHandler ["http-nio-8081"]
2025-06-16 22:46:30.014 [main] INFO  o.a.catalina.core.StandardService - Starting service [Tomcat]
2025-06-16 22:46:30.014 [main] INFO  o.a.catalina.core.StandardEngine - Starting Servlet engine: [Apache Tomcat/10.1.39]
2025-06-16 22:46:30.129 [main] INFO  o.a.c.c.C.[Tomcat].[localhost].[/] - Initializing Spring embedded WebApplicationContext
2025-06-16 22:46:30.130 [main] INFO  o.s.b.w.s.c.ServletWebServerApplicationContext - Root WebApplicationContext: initialization completed in 2811 ms
2025-06-16 22:46:30.479 [main] INFO  o.h.jpa.internal.util.LogHelper - HHH000204: Processing PersistenceUnitInfo [name: default]
2025-06-16 22:46:30.589 [main] INFO  org.hibernate.Version - HHH000412: Hibernate ORM core version 6.6.11.Final
2025-06-16 22:46:30.650 [main] INFO  o.h.c.i.RegionFactoryInitiator - HHH000026: Second-level cache disabled
2025-06-16 22:46:31.140 [main] INFO  o.s.o.j.p.SpringPersistenceUnitInfo - No LoadTimeWeaver setup: ignoring JPA class transformer
2025-06-16 22:46:31.187 [main] INFO  com.zaxxer.hikari.HikariDataSource - HikariPool-1 - Starting...
2025-06-16 22:46:31.538 [main] INFO  com.zaxxer.hikari.pool.HikariPool - HikariPool-1 - Added connection com.mysql.cj.jdbc.ConnectionImpl@152e7703
2025-06-16 22:46:31.540 [main] INFO  com.zaxxer.hikari.HikariDataSource - HikariPool-1 - Start completed.
2025-06-16 22:46:31.630 [main] WARN  org.hibernate.dialect.Dialect - HHH000511: The 5.5.5 version for [org.hibernate.dialect.MySQLDialect] is no longer supported, hence certain features may not work properly. The minimum supported version is 8.0.0. Check the community dialects project for available legacy versions.
2025-06-16 22:46:31.670 [main] INFO  o.hibernate.orm.connections.pooling - HHH10001005: Database info:
	Database JDBC URL [Connecting through datasource 'HikariDataSource (HikariPool-1)']
	Database driver: undefined/unknown
	Database version: 5.5.5
	Autocommit mode: undefined/unknown
	Isolation level: undefined/unknown
	Minimum pool size: undefined/unknown
	Maximum pool size: undefined/unknown
2025-06-16 22:46:33.115 [main] INFO  o.h.e.t.j.p.i.JtaPlatformInitiator - HHH000489: No JTA platform available (set 'hibernate.transaction.jta.platform' to enable JTA platform integration)
2025-06-16 22:46:35.066 [main] INFO  o.s.o.j.LocalContainerEntityManagerFactoryBean - Initialized JPA EntityManagerFactory for persistence unit 'default'
2025-06-16 22:46:35.615 [main] INFO  o.s.s.c.a.a.c.InitializeUserDetailsBeanManagerConfigurer$InitializeUserDetailsManagerConfigurer - Global AuthenticationManager configured with UserDetailsService bean with name appUserServicio
2025-06-16 22:46:35.844 [main] INFO  o.s.d.j.r.query.QueryEnhancerFactory - Hibernate is in classpath; If applicable, HQL parser will be used.
2025-06-16 22:46:38.890 [main] WARN  o.s.b.a.o.j.JpaBaseConfiguration$JpaWebConfiguration - spring.jpa.open-in-view is enabled by default. Therefore, database queries may be performed during view rendering. Explicitly configure spring.jpa.open-in-view to disable this warning
2025-06-16 22:46:39.712 [main] INFO  o.a.coyote.http11.Http11NioProtocol - Starting ProtocolHandler ["http-nio-8081"]
2025-06-16 22:46:39.764 [main] INFO  o.s.b.w.e.tomcat.TomcatWebServer - Tomcat started on port 8081 (http) with context path '/'
2025-06-16 22:46:39.778 [main] INFO  c.P.P.ProyectoFinalIntegradorApplication - Started ProyectoFinalIntegradorApplication in 13.497 seconds (process running for 14.09)
2025-06-16 22:52:11.771 [http-nio-8081-exec-1] INFO  o.a.c.c.C.[Tomcat].[localhost].[/] - Initializing Spring DispatcherServlet 'dispatcherServlet'
2025-06-16 22:52:11.788 [http-nio-8081-exec-1] INFO  o.s.web.servlet.DispatcherServlet - Initializing Servlet 'dispatcherServlet'
2025-06-16 22:52:13.565 [http-nio-8081-exec-1] INFO  o.s.web.servlet.DispatcherServlet - Completed initialization in 1777 ms
2025-06-16 22:53:18.762 [http-nio-8081-exec-5] INFO  c.P.P.Controlador.VentaController - Venta obtenida exitosamente - ID: 2
2025-06-16 22:53:18.863 [http-nio-8081-exec-6] INFO  c.P.P.Controlador.VentaController - Venta obtenida exitosamente - ID: 2
2025-06-16 22:53:32.545 [http-nio-8081-exec-8] INFO  c.P.P.Controlador.VentaController - Venta obtenida exitosamente - ID: 2
2025-06-16 22:53:32.572 [http-nio-8081-exec-9] INFO  c.P.P.Controlador.VentaController - Venta obtenida exitosamente - ID: 2
2025-06-16 22:55:49.063 [http-nio-8081-exec-5] INFO  c.P.P.Controlador.VentaController - Venta obtenida exitosamente - ID: 5
2025-06-16 22:55:49.336 [http-nio-8081-exec-1] INFO  c.P.P.Controlador.VentaController - Venta obtenida exitosamente - ID: 5
2025-06-16 22:56:44.243 [http-nio-8081-exec-3] INFO  c.P.P.Controlador.VentaController - Venta obtenida exitosamente - ID: 5
2025-06-16 22:56:44.267 [http-nio-8081-exec-10] INFO  c.P.P.Controlador.VentaController - Venta obtenida exitosamente - ID: 5
2025-06-16 22:59:09.855 [http-nio-8081-exec-9] WARN  o.s.w.s.m.s.DefaultHandlerExceptionResolver - Resolved [org.springframework.web.HttpRequestMethodNotSupportedException: Request method 'POST' is not supported]
2025-06-16 23:05:56.941 [http-nio-8081-exec-3] INFO  c.P.P.Controlador.VentaController - Venta obtenida exitosamente - ID: 5
2025-06-16 23:05:56.959 [http-nio-8081-exec-5] INFO  c.P.P.Controlador.VentaController - Venta obtenida exitosamente - ID: 5
2025-06-16 23:09:04.262 [http-nio-8081-exec-3] WARN  o.s.w.s.m.s.DefaultHandlerExceptionResolver - Resolved [org.springframework.web.HttpRequestMethodNotSupportedException: Request method 'POST' is not supported]
2025-06-16 23:13:00.176 [http-nio-8081-exec-9] WARN  o.s.w.s.m.s.DefaultHandlerExceptionResolver - Resolved [org.springframework.web.HttpRequestMethodNotSupportedException: Request method 'POST' is not supported]
2025-06-16 23:33:17.215 [http-nio-8081-exec-5] INFO  c.P.P.Controlador.VentaController - Venta obtenida exitosamente - ID: 5
2025-06-16 23:33:17.253 [http-nio-8081-exec-6] INFO  c.P.P.Controlador.VentaController - Venta obtenida exitosamente - ID: 5
2025-06-16 23:33:45.329 [http-nio-8081-exec-4] INFO  c.P.P.Controlador.VentaController - Venta obtenida exitosamente - ID: 5
2025-06-16 23:33:45.913 [http-nio-8081-exec-3] INFO  c.P.P.Controlador.VentaController - Venta obtenida exitosamente - ID: 5
2025-06-16 23:35:34.555 [http-nio-8081-exec-2] INFO  c.P.P.Controlador.VentaController - Venta obtenida exitosamente - ID: 5
2025-06-16 23:35:34.594 [http-nio-8081-exec-7] INFO  c.P.P.Controlador.VentaController - Venta obtenida exitosamente - ID: 5
2025-06-16 23:40:26.031 [http-nio-8081-exec-4] INFO  c.P.P.Controlador.VentaController - Venta obtenida exitosamente - ID: 5
2025-06-16 23:40:26.120 [http-nio-8081-exec-5] INFO  c.P.P.Controlador.VentaController - Venta obtenida exitosamente - ID: 5
2025-06-16 23:43:13.003 [http-nio-8081-exec-4] INFO  c.P.P.Controlador.VentaController - Venta obtenida exitosamente - ID: 5
2025-06-16 23:43:13.019 [http-nio-8081-exec-10] INFO  c.P.P.Controlador.VentaController - Venta obtenida exitosamente - ID: 5
2025-06-16 23:46:38.672 [http-nio-8081-exec-2] INFO  c.P.P.Controlador.VentaController - Venta obtenida exitosamente - ID: 5
2025-06-16 23:46:51.202 [http-nio-8081-exec-6] INFO  c.P.P.Controlador.VentaController - Venta obtenida exitosamente - ID: 5
2025-06-16 23:46:51.244 [http-nio-8081-exec-9] INFO  c.P.P.Controlador.VentaController - Venta obtenida exitosamente - ID: 5
2025-06-24 23:40:45.180 [background-preinit] INFO  o.h.validator.internal.util.Version - HV000001: Hibernate Validator 8.0.2.Final
2025-06-24 23:40:45.274 [main] INFO  c.P.P.ProyectoFinalIntegradorApplication - Starting ProyectoFinalIntegradorApplication using Java 20.0.1 with PID 14360 (C:\Users\leoal\OneDrive\Escritorio\HugoLM\ProyectoFinalI\backend\target\classes started by leoal in C:\Users\leoal\OneDrive\Escritorio\HugoLM\ProyectoFinalI\backend)
2025-06-24 23:40:45.276 [main] INFO  c.P.P.ProyectoFinalIntegradorApplication - No active profile set, falling back to 1 default profile: "default"
2025-06-24 23:40:46.327 [main] INFO  o.s.d.r.c.RepositoryConfigurationDelegate - Bootstrapping Spring Data JPA repositories in DEFAULT mode.
2025-06-24 23:40:46.410 [main] INFO  o.s.d.r.c.RepositoryConfigurationDelegate - Finished Spring Data repository scanning in 72 ms. Found 8 JPA repository interfaces.
2025-06-24 23:40:47.139 [main] INFO  o.s.b.w.e.tomcat.TomcatWebServer - Tomcat initialized with port 8081 (http)
2025-06-24 23:40:47.160 [main] INFO  o.a.coyote.http11.Http11NioProtocol - Initializing ProtocolHandler ["http-nio-8081"]
2025-06-24 23:40:47.164 [main] INFO  o.a.catalina.core.StandardService - Starting service [Tomcat]
2025-06-24 23:40:47.164 [main] INFO  o.a.catalina.core.StandardEngine - Starting Servlet engine: [Apache Tomcat/10.1.39]
2025-06-24 23:40:47.248 [main] INFO  o.a.c.c.C.[Tomcat].[localhost].[/] - Initializing Spring embedded WebApplicationContext
2025-06-24 23:40:47.258 [main] INFO  o.s.b.w.s.c.ServletWebServerApplicationContext - Root WebApplicationContext: initialization completed in 1908 ms
2025-06-24 23:40:47.512 [main] INFO  o.h.jpa.internal.util.LogHelper - HHH000204: Processing PersistenceUnitInfo [name: default]
2025-06-24 23:40:47.583 [main] INFO  org.hibernate.Version - HHH000412: Hibernate ORM core version 6.6.11.Final
2025-06-24 23:40:47.630 [main] INFO  o.h.c.i.RegionFactoryInitiator - HHH000026: Second-level cache disabled
2025-06-24 23:40:48.010 [main] INFO  o.s.o.j.p.SpringPersistenceUnitInfo - No LoadTimeWeaver setup: ignoring JPA class transformer
2025-06-24 23:40:48.049 [main] INFO  com.zaxxer.hikari.HikariDataSource - HikariPool-1 - Starting...
2025-06-24 23:40:48.252 [main] INFO  com.zaxxer.hikari.pool.HikariPool - HikariPool-1 - Added connection com.mysql.cj.jdbc.ConnectionImpl@25d9291a
2025-06-24 23:40:48.253 [main] INFO  com.zaxxer.hikari.HikariDataSource - HikariPool-1 - Start completed.
2025-06-24 23:40:48.300 [main] WARN  org.hibernate.dialect.Dialect - HHH000511: The 5.5.5 version for [org.hibernate.dialect.MySQLDialect] is no longer supported, hence certain features may not work properly. The minimum supported version is 8.0.0. Check the community dialects project for available legacy versions.
2025-06-24 23:40:48.335 [main] INFO  o.hibernate.orm.connections.pooling - HHH10001005: Database info:
	Database JDBC URL [Connecting through datasource 'HikariDataSource (HikariPool-1)']
	Database driver: undefined/unknown
	Database version: 5.5.5
	Autocommit mode: undefined/unknown
	Isolation level: undefined/unknown
	Minimum pool size: undefined/unknown
	Maximum pool size: undefined/unknown
2025-06-24 23:40:49.265 [main] INFO  o.h.e.t.j.p.i.JtaPlatformInitiator - HHH000489: No JTA platform available (set 'hibernate.transaction.jta.platform' to enable JTA platform integration)
2025-06-24 23:40:52.640 [main] INFO  o.s.o.j.LocalContainerEntityManagerFactoryBean - Initialized JPA EntityManagerFactory for persistence unit 'default'
2025-06-24 23:40:53.065 [main] INFO  o.s.s.c.a.a.c.InitializeUserDetailsBeanManagerConfigurer$InitializeUserDetailsManagerConfigurer - Global AuthenticationManager configured with UserDetailsService bean with name appUserServicio
2025-06-24 23:40:53.151 [main] INFO  o.s.d.j.r.query.QueryEnhancerFactory - Hibernate is in classpath; If applicable, HQL parser will be used.
2025-06-24 23:40:53.946 [main] WARN  o.a.p.p.font.FileSystemFontProvider - 340 new fonts found, font cache will be re-built
2025-06-24 23:40:53.947 [main] WARN  o.a.p.p.font.FileSystemFontProvider - Building on-disk font cache, this may take a while
2025-06-24 23:40:54.377 [main] ERROR o.a.f.ttf.GlyphSubstitutionTable - The expected SubstFormat for ExtensionSubstFormat1 subtable is 6 but should be 1
2025-06-24 23:40:54.397 [main] ERROR o.a.f.ttf.GlyphSubstitutionTable - The expected SubstFormat for ExtensionSubstFormat1 subtable is 6 but should be 1
2025-06-24 23:40:54.430 [main] ERROR o.a.f.ttf.GlyphSubstitutionTable - The expected SubstFormat for ExtensionSubstFormat1 subtable is 6 but should be 1
2025-06-24 23:40:54.556 [main] WARN  org.apache.fontbox.ttf.CmapSubtable - Format 14 cmap table is not supported and will be ignored
2025-06-24 23:40:56.517 [main] WARN  org.apache.fontbox.ttf.CmapSubtable - Format 14 cmap table is not supported and will be ignored
2025-06-24 23:40:56.540 [main] WARN  org.apache.fontbox.ttf.CmapSubtable - Format 14 cmap table is not supported and will be ignored
2025-06-24 23:40:56.564 [main] WARN  org.apache.fontbox.ttf.CmapSubtable - Format 14 cmap table is not supported and will be ignored
2025-06-24 23:40:57.500 [main] ERROR o.a.f.ttf.GlyphSubstitutionTable - The expected SubstFormat for ExtensionSubstFormat1 subtable is 108 but should be 1
2025-06-24 23:40:57.516 [main] ERROR o.a.f.ttf.GlyphSubstitutionTable - The expected SubstFormat for ExtensionSubstFormat1 subtable is 112 but should be 1
2025-06-24 23:40:57.516 [main] ERROR o.a.f.ttf.GlyphSubstitutionTable - The expected SubstFormat for ExtensionSubstFormat1 subtable is 116 but should be 1
2025-06-24 23:40:57.516 [main] ERROR o.a.f.ttf.GlyphSubstitutionTable - The expected SubstFormat for ExtensionSubstFormat1 subtable is 120 but should be 1
2025-06-24 23:40:57.516 [main] ERROR o.a.f.ttf.GlyphSubstitutionTable - The expected SubstFormat for ExtensionSubstFormat1 subtable is 166 but should be 1
2025-06-24 23:40:57.516 [main] ERROR o.a.f.ttf.GlyphSubstitutionTable - The expected SubstFormat for ExtensionSubstFormat1 subtable is 170 but should be 1
2025-06-24 23:40:57.516 [main] ERROR o.a.f.ttf.GlyphSubstitutionTable - The expected SubstFormat for ExtensionSubstFormat1 subtable is 174 but should be 1
2025-06-24 23:40:57.516 [main] ERROR o.a.f.ttf.GlyphSubstitutionTable - The expected SubstFormat for ExtensionSubstFormat1 subtable is 166 but should be 1
2025-06-24 23:40:57.526 [main] ERROR o.a.f.ttf.GlyphSubstitutionTable - The expected SubstFormat for ExtensionSubstFormat1 subtable is 108 but should be 1
2025-06-24 23:40:57.526 [main] ERROR o.a.f.ttf.GlyphSubstitutionTable - The expected SubstFormat for ExtensionSubstFormat1 subtable is 112 but should be 1
2025-06-24 23:40:57.526 [main] ERROR o.a.f.ttf.GlyphSubstitutionTable - The expected SubstFormat for ExtensionSubstFormat1 subtable is 116 but should be 1
2025-06-24 23:40:57.527 [main] ERROR o.a.f.ttf.GlyphSubstitutionTable - The expected SubstFormat for ExtensionSubstFormat1 subtable is 120 but should be 1
2025-06-24 23:40:57.527 [main] ERROR o.a.f.ttf.GlyphSubstitutionTable - The expected SubstFormat for ExtensionSubstFormat1 subtable is 166 but should be 1
2025-06-24 23:40:57.527 [main] ERROR o.a.f.ttf.GlyphSubstitutionTable - The expected SubstFormat for ExtensionSubstFormat1 subtable is 170 but should be 1
2025-06-24 23:40:57.527 [main] ERROR o.a.f.ttf.GlyphSubstitutionTable - The expected SubstFormat for ExtensionSubstFormat1 subtable is 174 but should be 1
2025-06-24 23:40:57.527 [main] ERROR o.a.f.ttf.GlyphSubstitutionTable - The expected SubstFormat for ExtensionSubstFormat1 subtable is 166 but should be 1
2025-06-24 23:40:57.538 [main] ERROR o.a.f.ttf.GlyphSubstitutionTable - The expected SubstFormat for ExtensionSubstFormat1 subtable is 108 but should be 1
2025-06-24 23:40:57.538 [main] ERROR o.a.f.ttf.GlyphSubstitutionTable - The expected SubstFormat for ExtensionSubstFormat1 subtable is 112 but should be 1
2025-06-24 23:40:57.538 [main] ERROR o.a.f.ttf.GlyphSubstitutionTable - The expected SubstFormat for ExtensionSubstFormat1 subtable is 116 but should be 1
2025-06-24 23:40:57.538 [main] ERROR o.a.f.ttf.GlyphSubstitutionTable - The expected SubstFormat for ExtensionSubstFormat1 subtable is 120 but should be 1
2025-06-24 23:40:57.538 [main] ERROR o.a.f.ttf.GlyphSubstitutionTable - The expected SubstFormat for ExtensionSubstFormat1 subtable is 166 but should be 1
2025-06-24 23:40:57.538 [main] ERROR o.a.f.ttf.GlyphSubstitutionTable - The expected SubstFormat for ExtensionSubstFormat1 subtable is 170 but should be 1
2025-06-24 23:40:57.538 [main] ERROR o.a.f.ttf.GlyphSubstitutionTable - The expected SubstFormat for ExtensionSubstFormat1 subtable is 174 but should be 1
2025-06-24 23:40:57.538 [main] ERROR o.a.f.ttf.GlyphSubstitutionTable - The expected SubstFormat for ExtensionSubstFormat1 subtable is 166 but should be 1
2025-06-24 23:40:57.676 [main] WARN  org.apache.fontbox.ttf.CmapSubtable - Format 14 cmap table is not supported and will be ignored
2025-06-24 23:40:57.682 [main] WARN  org.apache.fontbox.ttf.CmapSubtable - Format 14 cmap table is not supported and will be ignored
2025-06-24 23:40:57.917 [main] WARN  org.apache.fontbox.ttf.CmapSubtable - Format 14 cmap table is not supported and will be ignored
2025-06-24 23:40:58.629 [main] WARN  org.apache.fontbox.ttf.CmapSubtable - Format 14 cmap table is not supported and will be ignored
2025-06-24 23:40:58.692 [main] WARN  org.apache.fontbox.ttf.CmapSubtable - Format 14 cmap table is not supported and will be ignored
2025-06-24 23:40:58.729 [main] WARN  org.apache.fontbox.ttf.CmapSubtable - Format 14 cmap table is not supported and will be ignored
2025-06-24 23:40:58.804 [main] WARN  org.apache.fontbox.ttf.CmapSubtable - Format 14 cmap table is not supported and will be ignored
2025-06-24 23:40:58.839 [main] WARN  org.apache.fontbox.ttf.CmapSubtable - Format 14 cmap table is not supported and will be ignored
2025-06-24 23:40:58.929 [main] WARN  org.apache.fontbox.ttf.CmapSubtable - Format 14 cmap table is not supported and will be ignored
2025-06-24 23:40:58.977 [main] WARN  org.apache.fontbox.ttf.CmapSubtable - Format 14 cmap table is not supported and will be ignored
2025-06-24 23:40:59.059 [main] WARN  org.apache.fontbox.ttf.CmapSubtable - Format 14 cmap table is not supported and will be ignored
2025-06-24 23:40:59.094 [main] WARN  org.apache.fontbox.ttf.CmapSubtable - Format 14 cmap table is not supported and will be ignored
2025-06-24 23:40:59.134 [main] WARN  o.a.p.p.font.FileSystemFontProvider - Finished building on-disk font cache, found 377 fonts
2025-06-24 23:40:59.222 [main] WARN  o.s.b.a.o.j.JpaBaseConfiguration$JpaWebConfiguration - spring.jpa.open-in-view is enabled by default. Therefore, database queries may be performed during view rendering. Explicitly configure spring.jpa.open-in-view to disable this warning
2025-06-24 23:40:59.949 [main] INFO  o.a.coyote.http11.Http11NioProtocol - Starting ProtocolHandler ["http-nio-8081"]
2025-06-24 23:40:59.972 [main] INFO  o.s.b.w.e.tomcat.TomcatWebServer - Tomcat started on port 8081 (http) with context path '/'
2025-06-24 23:40:59.982 [main] INFO  c.P.P.ProyectoFinalIntegradorApplication - Started ProyectoFinalIntegradorApplication in 15.54 seconds (process running for 15.958)
2025-06-24 23:43:47.085 [http-nio-8081-exec-1] INFO  o.a.c.c.C.[Tomcat].[localhost].[/] - Initializing Spring DispatcherServlet 'dispatcherServlet'
2025-06-24 23:43:47.089 [http-nio-8081-exec-1] INFO  o.s.web.servlet.DispatcherServlet - Initializing Servlet 'dispatcherServlet'
2025-06-24 23:43:47.092 [http-nio-8081-exec-1] INFO  o.s.web.servlet.DispatcherServlet - Completed initialization in 3 ms
2025-06-25 00:54:47.756 [background-preinit] INFO  o.h.validator.internal.util.Version - HV000001: Hibernate Validator 8.0.2.Final
2025-06-25 00:54:47.853 [main] INFO  c.P.P.ProyectoFinalIntegradorApplication - Starting ProyectoFinalIntegradorApplication using Java 20.0.1 with PID 11868 (C:\Users\leoal\OneDrive\Escritorio\HugoLM\ProyectoFinalI\backend\target\classes started by leoal in C:\Users\leoal\OneDrive\Escritorio\HugoLM\ProyectoFinalI\backend)
2025-06-25 00:54:47.855 [main] INFO  c.P.P.ProyectoFinalIntegradorApplication - No active profile set, falling back to 1 default profile: "default"
2025-06-25 00:54:49.105 [main] INFO  o.s.d.r.c.RepositoryConfigurationDelegate - Bootstrapping Spring Data JPA repositories in DEFAULT mode.
2025-06-25 00:54:49.243 [main] INFO  o.s.d.r.c.RepositoryConfigurationDelegate - Finished Spring Data repository scanning in 112 ms. Found 8 JPA repository interfaces.
2025-06-25 00:54:50.154 [main] INFO  o.s.b.w.e.tomcat.TomcatWebServer - Tomcat initialized with port 8081 (http)
2025-06-25 00:54:50.173 [main] INFO  o.a.coyote.http11.Http11NioProtocol - Initializing ProtocolHandler ["http-nio-8081"]
2025-06-25 00:54:50.176 [main] INFO  o.a.catalina.core.StandardService - Starting service [Tomcat]
2025-06-25 00:54:50.176 [main] INFO  o.a.catalina.core.StandardEngine - Starting Servlet engine: [Apache Tomcat/10.1.39]
2025-06-25 00:54:50.271 [main] INFO  o.a.c.c.C.[Tomcat].[localhost].[/] - Initializing Spring embedded WebApplicationContext
2025-06-25 00:54:50.272 [main] INFO  o.s.b.w.s.c.ServletWebServerApplicationContext - Root WebApplicationContext: initialization completed in 2333 ms
2025-06-25 00:54:50.643 [main] INFO  o.h.jpa.internal.util.LogHelper - HHH000204: Processing PersistenceUnitInfo [name: default]
2025-06-25 00:54:50.813 [main] INFO  org.hibernate.Version - HHH000412: Hibernate ORM core version 6.6.11.Final
2025-06-25 00:54:50.889 [main] INFO  o.h.c.i.RegionFactoryInitiator - HHH000026: Second-level cache disabled
2025-06-25 00:54:51.532 [main] INFO  o.s.o.j.p.SpringPersistenceUnitInfo - No LoadTimeWeaver setup: ignoring JPA class transformer
2025-06-25 00:54:51.604 [main] INFO  com.zaxxer.hikari.HikariDataSource - HikariPool-1 - Starting...
2025-06-25 00:54:51.902 [main] INFO  com.zaxxer.hikari.pool.HikariPool - HikariPool-1 - Added connection com.mysql.cj.jdbc.ConnectionImpl@5909ae90
2025-06-25 00:54:51.906 [main] INFO  com.zaxxer.hikari.HikariDataSource - HikariPool-1 - Start completed.
2025-06-25 00:54:51.990 [main] WARN  org.hibernate.dialect.Dialect - HHH000511: The 5.5.5 version for [org.hibernate.dialect.MySQLDialect] is no longer supported, hence certain features may not work properly. The minimum supported version is 8.0.0. Check the community dialects project for available legacy versions.
2025-06-25 00:54:52.025 [main] INFO  o.hibernate.orm.connections.pooling - HHH10001005: Database info:
	Database JDBC URL [Connecting through datasource 'HikariDataSource (HikariPool-1)']
	Database driver: undefined/unknown
	Database version: 5.5.5
	Autocommit mode: undefined/unknown
	Isolation level: undefined/unknown
	Minimum pool size: undefined/unknown
	Maximum pool size: undefined/unknown
2025-06-25 00:54:53.429 [main] INFO  o.h.e.t.j.p.i.JtaPlatformInitiator - HHH000489: No JTA platform available (set 'hibernate.transaction.jta.platform' to enable JTA platform integration)
2025-06-25 00:54:53.564 [main] INFO  o.s.o.j.LocalContainerEntityManagerFactoryBean - Initialized JPA EntityManagerFactory for persistence unit 'default'
2025-06-25 00:54:54.189 [main] INFO  o.s.s.c.a.a.c.InitializeUserDetailsBeanManagerConfigurer$InitializeUserDetailsManagerConfigurer - Global AuthenticationManager configured with UserDetailsService bean with name appUserServicio
2025-06-25 00:54:54.349 [main] INFO  o.s.d.j.r.query.QueryEnhancerFactory - Hibernate is in classpath; If applicable, HQL parser will be used.
2025-06-25 00:54:55.538 [main] WARN  o.s.b.a.o.j.JpaBaseConfiguration$JpaWebConfiguration - spring.jpa.open-in-view is enabled by default. Therefore, database queries may be performed during view rendering. Explicitly configure spring.jpa.open-in-view to disable this warning
2025-06-25 00:54:57.357 [main] INFO  o.a.coyote.http11.Http11NioProtocol - Starting ProtocolHandler ["http-nio-8081"]
2025-06-25 00:54:57.366 [main] WARN  o.s.b.w.s.c.AnnotationConfigServletWebServerApplicationContext - Exception encountered during context initialization - cancelling refresh attempt: org.springframework.context.ApplicationContextException: Failed to start bean 'webServerStartStop'
2025-06-25 00:54:57.369 [main] INFO  o.s.o.j.LocalContainerEntityManagerFactoryBean - Closing JPA EntityManagerFactory for persistence unit 'default'
2025-06-25 00:54:57.374 [main] INFO  com.zaxxer.hikari.HikariDataSource - HikariPool-1 - Shutdown initiated...
2025-06-25 00:54:57.384 [main] INFO  com.zaxxer.hikari.HikariDataSource - HikariPool-1 - Shutdown completed.
2025-06-25 00:54:57.405 [main] INFO  o.s.b.a.l.ConditionEvaluationReportLogger - 

Error starting ApplicationContext. To display the condition evaluation report re-run your application with 'debug' enabled.
2025-06-25 00:54:57.439 [main] ERROR o.s.b.d.LoggingFailureAnalysisReporter - 

***************************
APPLICATION FAILED TO START
***************************

Description:

Web server failed to start. Port 8081 was already in use.

Action:

Identify and stop the process that's listening on port 8081 or configure this application to listen on another port.

